# JRE version: Java(TM) SE Runtime Environment (8.0_101-b13) (build 1.8.0_101-b13)
# Java VM: Java HotSpot(TM) 64-Bit Server VM (25.101-b13 mixed mode windows-amd64 compressed oops)
Heap:
 PSYoungGen      total 66048K, used 23698K [0x00000000edd00000, 0x00000000f3200000, 0x0000000100000000)
  eden space 55808K, 24% used [0x00000000edd00000,0x00000000eea2aad8,0x00000000f1380000)
  from space 10240K, 99% used [0x00000000f2100000,0x00000000f2af9ff8,0x00000000f2b00000)
  to   space 13824K, 0% used [0x00000000f1380000,0x00000000f1380000,0x00000000f2100000)
 ParOldGen       total 38400K, used 21778K [0x00000000c9600000, 0x00000000cbb80000, 0x00000000edd00000)
  object space 38400K, 56% used [0x00000000c9600000,0x00000000cab44b68,0x00000000cbb80000)
 Metaspace       used 18556K, capacity 18830K, committed 19072K, reserved 1067008K
  class space    used 2229K, capacity 2313K, committed 2432K, reserved 1048576K
GC Heap History (10 events):
Event: 0.449 GC heap before
{Heap before GC invocations=1 (full 0):
 PSYoungGen      total 16896K, used 14848K [0x00000000edd00000, 0x00000000eef80000, 0x0000000100000000)
  eden space 14848K, 100% used [0x00000000edd00000,0x00000000eeb80000,0x00000000eeb80000)
  from space 2048K, 0% used [0x00000000eed80000,0x00000000eed80000,0x00000000eef80000)
  to   space 2048K, 0% used [0x00000000eeb80000,0x00000000eeb80000,0x00000000eed80000)
 ParOldGen       total 38400K, used 0K [0x00000000c9600000, 0x00000000cbb80000, 0x00000000edd00000)
  object space 38400K, 0% used [0x00000000c9600000,0x00000000c9600000,0x00000000cbb80000)
 Metaspace       used 6822K, capacity 7040K, committed 7296K, reserved 1056768K
  class space    used 763K, capacity 792K, committed 896K, reserved 1048576K
Event: 0.452 GC heap after
Heap after GC invocations=1 (full 0):
 PSYoungGen      total 16896K, used 2016K [0x00000000edd00000, 0x00000000eef80000, 0x0000000100000000)
  eden space 14848K, 0% used [0x00000000edd00000,0x00000000edd00000,0x00000000eeb80000)
  from space 2048K, 98% used [0x00000000eeb80000,0x00000000eed78020,0x00000000eed80000)
  to   space 2048K, 0% used [0x00000000eed80000,0x00000000eed80000,0x00000000eef80000)
 ParOldGen       total 38400K, used 1195K [0x00000000c9600000, 0x00000000cbb80000, 0x00000000edd00000)
  object space 38400K, 3% used [0x00000000c9600000,0x00000000c972adb8,0x00000000cbb80000)
 Metaspace       used 6822K, capacity 7040K, committed 7296K, reserved 1056768K
  class space    used 763K, capacity 792K, committed 896K, reserved 1048576K
}
Event: 0.638 GC heap before
{Heap before GC invocations=2 (full 0):
 PSYoungGen      total 16896K, used 16864K [0x00000000edd00000, 0x00000000eef80000, 0x0000000100000000)
  eden space 14848K, 100% used [0x00000000edd00000,0x00000000eeb80000,0x00000000eeb80000)
  from space 2048K, 98% used [0x00000000eeb80000,0x00000000eed78020,0x00000000eed80000)
  to   space 2048K, 0% used [0x00000000eed80000,0x00000000eed80000,0x00000000eef80000)
 ParOldGen       total 38400K, used 1195K [0x00000000c9600000, 0x00000000cbb80000, 0x00000000edd00000)
  object space 38400K, 3% used [0x00000000c9600000,0x00000000c972adb8,0x00000000cbb80000)
 Metaspace       used 10413K, capacity 10624K, committed 10752K, reserved 1058816K
  class space    used 1140K, capacity 1176K, committed 1280K, reserved 1048576K
Event: 0.642 GC heap after
Heap after GC invocations=2 (full 0):
 PSYoungGen      total 16896K, used 2016K [0x00000000edd00000, 0x00000000efe00000, 0x0000000100000000)
  eden space 14848K, 0% used [0x00000000edd00000,0x00000000edd00000,0x00000000eeb80000)
  from space 2048K, 98% used [0x00000000eed80000,0x00000000eef78040,0x00000000eef80000)
  to   space 2048K, 0% used [0x00000000eeb80000,0x00000000eeb80000,0x00000000eed80000)
 ParOldGen       total 38400K, used 3724K [0x00000000c9600000, 0x00000000cbb80000, 0x00000000edd00000)
  object space 38400K, 9% used [0x00000000c9600000,0x00000000c99a33b0,0x00000000cbb80000)
 Metaspace       used 10413K, capacity 10624K, committed 10752K, reserved 1058816K
  class space    used 1140K, capacity 1176K, committed 1280K, reserved 1048576K
}
Event: 0.819 GC heap before
{Heap before GC invocations=3 (full 0):
 PSYoungGen      total 16896K, used 16864K [0x00000000edd00000, 0x00000000efe00000, 0x0000000100000000)
  eden space 14848K, 100% used [0x00000000edd00000,0x00000000eeb80000,0x00000000eeb80000)
  from space 2048K, 98% used [0x00000000eed80000,0x00000000eef78040,0x00000000eef80000)
  to   space 2048K, 0% used [0x00000000eeb80000,0x00000000eeb80000,0x00000000eed80000)
 ParOldGen       total 38400K, used 3724K [0x00000000c9600000, 0x00000000cbb80000, 0x00000000edd00000)
  object space 38400K, 9% used [0x00000000c9600000,0x00000000c99a33b0,0x00000000cbb80000)
 Metaspace       used 13459K, capacity 13696K, committed 13952K, reserved 1060864K
  class space    used 1520K, capacity 1560K, committed 1664K, reserved 1048576K
Event: 0.823 GC heap after
Heap after GC invocations=3 (full 0):
 PSYoungGen      total 16896K, used 2048K [0x00000000edd00000, 0x00000000efe00000, 0x0000000100000000)
  eden space 14848K, 0% used [0x00000000edd00000,0x00000000edd00000,0x00000000eeb80000)
  from space 2048K, 100% used [0x00000000eeb80000,0x00000000eed80000,0x00000000eed80000)
  to   space 2048K, 0% used [0x00000000efc00000,0x00000000efc00000,0x00000000efe00000)
 ParOldGen       total 38400K, used 6703K [0x00000000c9600000, 0x00000000cbb80000, 0x00000000edd00000)
  object space 38400K, 17% used [0x00000000c9600000,0x00000000c9c8bcf8,0x00000000cbb80000)
 Metaspace       used 13459K, capacity 13696K, committed 13952K, reserved 1060864K
  class space    used 1520K, capacity 1560K, committed 1664K, reserved 1048576K
}
Event: 1.052 GC heap before
{Heap before GC invocations=4 (full 0):
 PSYoungGen      total 16896K, used 16896K [0x00000000edd00000, 0x00000000efe00000, 0x0000000100000000)
  eden space 14848K, 100% used [0x00000000edd00000,0x00000000eeb80000,0x00000000eeb80000)
  from space 2048K, 100% used [0x00000000eeb80000,0x00000000eed80000,0x00000000eed80000)
  to   space 2048K, 0% used [0x00000000efc00000,0x00000000efc00000,0x00000000efe00000)
 ParOldGen       total 38400K, used 6703K [0x00000000c9600000, 0x00000000cbb80000, 0x00000000edd00000)
  object space 38400K, 17% used [0x00000000c9600000,0x00000000c9c8bcf8,0x00000000cbb80000)
 Metaspace       used 15842K, capacity 16100K, committed 16128K, reserved 1062912K
  class space    used 1959K, capacity 2044K, committed 2048K, reserved 1048576K
Event: 1.057 GC heap after
Heap after GC invocations=4 (full 0):
 PSYoungGen      total 31744K, used 2032K [0x00000000edd00000, 0x00000000efe00000, 0x0000000100000000)
  eden space 29696K, 0% used [0x00000000edd00000,0x00000000edd00000,0x00000000efa00000)
  from space 2048K, 99% used [0x00000000efc00000,0x00000000efdfc010,0x00000000efe00000)
  to   space 2048K, 0% used [0x00000000efa00000,0x00000000efa00000,0x00000000efc00000)
 ParOldGen       total 38400K, used 9585K [0x00000000c9600000, 0x00000000cbb80000, 0x00000000edd00000)
  object space 38400K, 24% used [0x00000000c9600000,0x00000000c9f5c478,0x00000000cbb80000)
 Metaspace       used 15842K, capacity 16100K, committed 16128K, reserved 1062912K
  class space    used 1959K, capacity 2044K, committed 2048K, reserved 1048576K
}
Event: 1.248 GC heap before
{Heap before GC invocations=5 (full 0):
 PSYoungGen      total 31744K, used 31728K [0x00000000edd00000, 0x00000000efe00000, 0x0000000100000000)
  eden space 29696K, 100% used [0x00000000edd00000,0x00000000efa00000,0x00000000efa00000)
  from space 2048K, 99% used [0x00000000efc00000,0x00000000efdfc010,0x00000000efe00000)
  to   space 2048K, 0% used [0x00000000efa00000,0x00000000efa00000,0x00000000efc00000)
 ParOldGen       total 38400K, used 9585K [0x00000000c9600000, 0x00000000cbb80000, 0x00000000edd00000)
  object space 38400K, 24% used [0x00000000c9600000,0x00000000c9f5c478,0x00000000cbb80000)
 Metaspace       used 17118K, capacity 17440K, committed 17664K, reserved 1064960K
  class space    used 2107K, capacity 2212K, committed 2304K, reserved 1048576K
Event: 1.257 GC heap after
Heap after GC invocations=5 (full 0):
 PSYoungGen      total 31744K, used 2032K [0x00000000edd00000, 0x00000000f2b00000, 0x0000000100000000)
  eden space 29696K, 0% used [0x00000000edd00000,0x00000000edd00000,0x00000000efa00000)
  from space 2048K, 99% used [0x00000000efa00000,0x00000000efbfc010,0x00000000efc00000)
  to   space 10240K, 0% used [0x00000000f2100000,0x00000000f2100000,0x00000000f2b00000)
 ParOldGen       total 38400K, used 18144K [0x00000000c9600000, 0x00000000cbb80000, 0x00000000edd00000)
  object space 38400K, 47% used [0x00000000c9600000,0x00000000ca7b8350,0x00000000cbb80000)
 Metaspace       used 17118K, capacity 17440K, committed 17664K, reserved 1064960K
  class space    used 2107K, capacity 2212K, committed 2304K, reserved 1048576K
}

